
[0;35m=== Phase 1: 環境チェック ===[0m
[0;34m[INFO][0m Node.js環境確認...
v24.2.0
11.3.0
[0;34m[INFO][0m Package.json確認...
[0;32m[SUCCESS][0m package.json 存在確認
  "scripts": {
    "dev": "next dev",
    "build": "next build",
    "start": "next start",
    "lint": "next lint",
    "analyze": "cross-env ANALYZE=true next build",
[0;34m[INFO][0m 依存関係確認...
[0;32m[SUCCESS][0m 依存関係OK

[0;35m=== Phase 2: ビルド性能測定 ===[0m
[0;34m[INFO][0m クリーンビルド実行中...
[0;32m[SUCCESS][0m ビルド成功 (13秒)
[0;34m[INFO][0m ビルド成果物確認...
Generated pages:
       2
[0;34m[INFO][0m Bundle chunks確認...
Chunk files count:
      34
Top 5 largest chunks:
748K	.next/static/chunks/vendor-bde632ec3acd39cb.js
176K	.next/static/chunks/react-8b545159e9da3a5d.js
112K	.next/static/chunks/polyfills-42372ed130431b0a.js
 80K	.next/static/chunks/heavy-387639608823f2d7.js
 72K	.next/static/chunks/app/settings/page-1bb968f9b93ee048.js

[0;35m=== Phase 3: TypeScript検証 ===[0m
[0;34m[INFO][0m TypeScript型チェック実行中...
[0;31m[ERROR][0m TypeScript型エラーが発生
src/app/api/chat/enhanced/route.ts(8,38): error TS2305: Module '"@/types"' has no exported member 'HarmonicAIProfile'.
src/app/api/chat/enhanced/route.ts(225,45): error TS2339: Property 'overallEnergy' does not exist on type 'TodayCosmicGuidance'.
src/app/api/chat/enhanced/route.ts(226,44): error TS2339: Property 'actionRecommendations' does not exist on type 'TodayCosmicGuidance'.
src/app/api/chat/enhanced/route.ts(420,9): error TS2740: Type '{ ARC: { fire: string; earth: string; air: string; water: string; }; DRM: { fire: string; earth: string; air: string; water: string; }; SAG: { fire: string; earth: string; air: string; water: string; }; HER: { fire: string; earth: string; air: string; water: string; }; }' is missing the following properties from type 'Record<BaseArchetype, Record<string, string>>': ALC, SOV, INV, BAR, and 8 more.
src/app/api/chat/enhanced/route.ts(537,11): error TS2322: Type 'string[]' is not assignable to type 'never[]'.
  Type 'string' is not assignable to type 'never'.
src/app/api/chat/enhanced/route.ts(538,11): error TS2322: Type '"positive" | "neutral" | "negative"' is not assignable to type '"neutral"'.
  Type '"positive"' is not assignable to type '"neutral"'.
src/app/api/chat/route.ts(16,7): error TS2322: Type '"ARC-AS"' is not assignable to type '"ARC-COOPERATIVESTABLE" | "ARC-COOPERATIVEGROWTH" | "ARC-COMPETITIVESTABLE" | "ARC-COMPETITIVEGROWTH" | "ALC-COOPERATIVESTABLE" | "ALC-COOPERATIVEGROWTH" | "ALC-COMPETITIVESTABLE" | ... 56 more ... | "PER-COMPETITIVEGROWTH"'.
src/app/api/memory/route.ts(17,66): error TS2345: Argument of type 'string | undefined' is not assignable to parameter of type 'string'.

[0;35m=== Phase 4: Stage 3新機能確認 ===[0m
[0;34m[INFO][0m 新機能コンポーネントファイル確認...
[0;32m[SUCCESS][0m ✅ src/components/harmonic/WeeklyGuidanceWidget.tsx 存在確認
   行数:      291行
[0;32m[SUCCESS][0m ✅ src/components/harmonic/MonthlyGuidanceWidget.tsx 存在確認
   行数:      440行
[0;32m[SUCCESS][0m ✅ src/components/harmonic/CompatibilityAnalysisWidget.tsx 存在確認
   行数:      525行
[0;32m[SUCCESS][0m ✅ src/app/test-widgets/page.tsx 存在確認
   行数:      166行

[0;35m=== Phase 5: しげちゃんドラマー感性実装確認 ===[0m
[0;34m[INFO][0m ドラマー感性アニメーション確認...
[0;32m[SUCCESS][0m ✅ 100msアニメーション間隔実装確認
[0;32m[SUCCESS][0m ✅ ドラマー感性コメント実装確認
[0;32m[SUCCESS][0m ✅ Framer Motion実装確認
   Motion要素数:      126箇所

[0;35m=== Phase 6: Bundle分析 ===[0m
[0;34m[INFO][0m Bundle分析実行...
[0;34m[INFO][0m Bundle Analyzer起動中... (PID: 51942)
[0;34m[INFO][0m 手動で http://localhost:8888 にアクセスして分析結果を確認してください
[0;32m[SUCCESS][0m Bundle Analyzer正常起動

[0;35m=== Phase 7: 簡易パフォーマンス確認 ===[0m
[0;34m[INFO][0m ビルド結果ファイルサイズ確認...
[0;34m[INFO][0m .next ディレクトリサイズ: 805M
主要ページファイル:
4.0K	.next/static/chunks/pages/_error-d91f3574b29c0104.js
4.0K	.next/static/chunks/pages/_app-9144c43956f8bcc6.js

[0;35m=== 最終レポート ===[0m
🎵 TypeMate Stage 3 簡易検証結果
================================
実行日時: #午後
ビルド時間: 13秒
ログファイル: test-results-20250803-210648.log
[0;32m[SUCCESS][0m 🎉 基本検証クリア - TypeMate Stage 3実装確認完了！
次のステップ: 詳細テスト手順書での手動検証を推奨
