
[0;35m=== Phase 1: ç’°å¢ƒãƒã‚§ãƒƒã‚¯ ===[0m
[0;34m[INFO][0m Node.jsç’°å¢ƒç¢ºèª...
v24.2.0
11.3.0
[0;34m[INFO][0m Package.jsonç¢ºèª...
[0;32m[SUCCESS][0m package.json å­˜åœ¨ç¢ºèª
  "scripts": {
    "dev": "next dev",
    "build": "next build",
    "start": "next start",
    "lint": "next lint",
    "analyze": "cross-env ANALYZE=true next build",
[0;34m[INFO][0m ä¾å­˜é–¢ä¿‚ç¢ºèª...
[0;32m[SUCCESS][0m ä¾å­˜é–¢ä¿‚OK

[0;35m=== Phase 2: ãƒ“ãƒ«ãƒ‰æ€§èƒ½æ¸¬å®š ===[0m
[0;34m[INFO][0m ã‚¯ãƒªãƒ¼ãƒ³ãƒ“ãƒ«ãƒ‰å®Ÿè¡Œä¸­...
[0;32m[SUCCESS][0m ãƒ“ãƒ«ãƒ‰æˆåŠŸ (13ç§’)
[0;34m[INFO][0m ãƒ“ãƒ«ãƒ‰æˆæœç‰©ç¢ºèª...
Generated pages:
       2
[0;34m[INFO][0m Bundle chunksç¢ºèª...
Chunk files count:
      34
Top 5 largest chunks:
748K	.next/static/chunks/vendor-bde632ec3acd39cb.js
176K	.next/static/chunks/react-8b545159e9da3a5d.js
112K	.next/static/chunks/polyfills-42372ed130431b0a.js
 80K	.next/static/chunks/heavy-387639608823f2d7.js
 72K	.next/static/chunks/app/settings/page-1bb968f9b93ee048.js

[0;35m=== Phase 3: TypeScriptæ¤œè¨¼ ===[0m
[0;34m[INFO][0m TypeScriptå‹ãƒã‚§ãƒƒã‚¯å®Ÿè¡Œä¸­...
[0;31m[ERROR][0m TypeScriptå‹ã‚¨ãƒ©ãƒ¼ãŒç™ºç”Ÿ
src/app/api/chat/enhanced/route.ts(8,38): error TS2305: Module '"@/types"' has no exported member 'HarmonicAIProfile'.
src/app/api/chat/enhanced/route.ts(225,45): error TS2339: Property 'overallEnergy' does not exist on type 'TodayCosmicGuidance'.
src/app/api/chat/enhanced/route.ts(226,44): error TS2339: Property 'actionRecommendations' does not exist on type 'TodayCosmicGuidance'.
src/app/api/chat/enhanced/route.ts(420,9): error TS2740: Type '{ ARC: { fire: string; earth: string; air: string; water: string; }; DRM: { fire: string; earth: string; air: string; water: string; }; SAG: { fire: string; earth: string; air: string; water: string; }; HER: { fire: string; earth: string; air: string; water: string; }; }' is missing the following properties from type 'Record<BaseArchetype, Record<string, string>>': ALC, SOV, INV, BAR, and 8 more.
src/app/api/chat/enhanced/route.ts(537,11): error TS2322: Type 'string[]' is not assignable to type 'never[]'.
  Type 'string' is not assignable to type 'never'.
src/app/api/chat/enhanced/route.ts(538,11): error TS2322: Type '"positive" | "neutral" | "negative"' is not assignable to type '"neutral"'.
  Type '"positive"' is not assignable to type '"neutral"'.
src/app/api/chat/route.ts(16,7): error TS2322: Type '"ARC-AS"' is not assignable to type '"ARC-COOPERATIVESTABLE" | "ARC-COOPERATIVEGROWTH" | "ARC-COMPETITIVESTABLE" | "ARC-COMPETITIVEGROWTH" | "ALC-COOPERATIVESTABLE" | "ALC-COOPERATIVEGROWTH" | "ALC-COMPETITIVESTABLE" | ... 56 more ... | "PER-COMPETITIVEGROWTH"'.
src/app/api/memory/route.ts(17,66): error TS2345: Argument of type 'string | undefined' is not assignable to parameter of type 'string'.

[0;35m=== Phase 4: Stage 3æ–°æ©Ÿèƒ½ç¢ºèª ===[0m
[0;34m[INFO][0m æ–°æ©Ÿèƒ½ã‚³ãƒ³ãƒãƒ¼ãƒãƒ³ãƒˆãƒ•ã‚¡ã‚¤ãƒ«ç¢ºèª...
[0;32m[SUCCESS][0m âœ… src/components/harmonic/WeeklyGuidanceWidget.tsx å­˜åœ¨ç¢ºèª
   è¡Œæ•°:      291è¡Œ
[0;32m[SUCCESS][0m âœ… src/components/harmonic/MonthlyGuidanceWidget.tsx å­˜åœ¨ç¢ºèª
   è¡Œæ•°:      440è¡Œ
[0;32m[SUCCESS][0m âœ… src/components/harmonic/CompatibilityAnalysisWidget.tsx å­˜åœ¨ç¢ºèª
   è¡Œæ•°:      525è¡Œ
[0;32m[SUCCESS][0m âœ… src/app/test-widgets/page.tsx å­˜åœ¨ç¢ºèª
   è¡Œæ•°:      166è¡Œ

[0;35m=== Phase 5: ã—ã’ã¡ã‚ƒã‚“ãƒ‰ãƒ©ãƒãƒ¼æ„Ÿæ€§å®Ÿè£…ç¢ºèª ===[0m
[0;34m[INFO][0m ãƒ‰ãƒ©ãƒãƒ¼æ„Ÿæ€§ã‚¢ãƒ‹ãƒ¡ãƒ¼ã‚·ãƒ§ãƒ³ç¢ºèª...
[0;32m[SUCCESS][0m âœ… 100msã‚¢ãƒ‹ãƒ¡ãƒ¼ã‚·ãƒ§ãƒ³é–“éš”å®Ÿè£…ç¢ºèª
[0;32m[SUCCESS][0m âœ… ãƒ‰ãƒ©ãƒãƒ¼æ„Ÿæ€§ã‚³ãƒ¡ãƒ³ãƒˆå®Ÿè£…ç¢ºèª
[0;32m[SUCCESS][0m âœ… Framer Motionå®Ÿè£…ç¢ºèª
   Motionè¦ç´ æ•°:      126ç®‡æ‰€

[0;35m=== Phase 6: Bundleåˆ†æ ===[0m
[0;34m[INFO][0m Bundleåˆ†æå®Ÿè¡Œ...
[0;34m[INFO][0m Bundle Analyzerèµ·å‹•ä¸­... (PID: 51942)
[0;34m[INFO][0m æ‰‹å‹•ã§ http://localhost:8888 ã«ã‚¢ã‚¯ã‚»ã‚¹ã—ã¦åˆ†æçµæœã‚’ç¢ºèªã—ã¦ãã ã•ã„
[0;32m[SUCCESS][0m Bundle Analyzeræ­£å¸¸èµ·å‹•

[0;35m=== Phase 7: ç°¡æ˜“ãƒ‘ãƒ•ã‚©ãƒ¼ãƒãƒ³ã‚¹ç¢ºèª ===[0m
[0;34m[INFO][0m ãƒ“ãƒ«ãƒ‰çµæœãƒ•ã‚¡ã‚¤ãƒ«ã‚µã‚¤ã‚ºç¢ºèª...
[0;34m[INFO][0m .next ãƒ‡ã‚£ãƒ¬ã‚¯ãƒˆãƒªã‚µã‚¤ã‚º: 805M
ä¸»è¦ãƒšãƒ¼ã‚¸ãƒ•ã‚¡ã‚¤ãƒ«:
4.0K	.next/static/chunks/pages/_error-d91f3574b29c0104.js
4.0K	.next/static/chunks/pages/_app-9144c43956f8bcc6.js

[0;35m=== æœ€çµ‚ãƒ¬ãƒãƒ¼ãƒˆ ===[0m
ğŸµ TypeMate Stage 3 ç°¡æ˜“æ¤œè¨¼çµæœ
================================
å®Ÿè¡Œæ—¥æ™‚: #åˆå¾Œ
ãƒ“ãƒ«ãƒ‰æ™‚é–“: 13ç§’
ãƒ­ã‚°ãƒ•ã‚¡ã‚¤ãƒ«: test-results-20250803-210648.log
[0;32m[SUCCESS][0m ğŸ‰ åŸºæœ¬æ¤œè¨¼ã‚¯ãƒªã‚¢ - TypeMate Stage 3å®Ÿè£…ç¢ºèªå®Œäº†ï¼
æ¬¡ã®ã‚¹ãƒ†ãƒƒãƒ—: è©³ç´°ãƒ†ã‚¹ãƒˆæ‰‹é †æ›¸ã§ã®æ‰‹å‹•æ¤œè¨¼ã‚’æ¨å¥¨
